<?xml version="1.0" encoding="UTF-8"?>
<!-- Generated by org.testng.reporters.JUnitReportReporter -->
<testsuite hostname="Simil" failures="0" tests="1" name="package_github_integration.class_github_integration" time="93.161" errors="0" timestamp="2021-12-29T20:49:50 IST" skipped="0">
  <testcase classname="package_github_integration.class_github_integration" name="SeleniumTest" time="93.161"/>
  <system-out/>
</testsuite> <!-- package_github_integration.class_github_integration -->
