<?xml version="1.0" encoding="UTF-8"?>
<!-- Generated by org.testng.reporters.JUnitReportReporter -->
<testsuite hostname="Simil" failures="0" tests="1" name="package_github_integration.class_github_integrationTest" time="61.136" errors="0" timestamp="2021-12-29T21:35:46 IST" skipped="0">
  <testcase classname="package_github_integration.class_github_integrationTest" name="SeleniumTestTest" time="61.136"/>
  <system-out/>
</testsuite> <!-- package_github_integration.class_github_integrationTest -->
